<?xml version="1.0" encoding="UTF-8"?>
<!-- Generated by org.testng.reporters.JUnitReportReporter -->
<testsuite skipped="0" hostname="DESKTOP-4F6B0AL" name="com.actitime.test.InValidLoginTest" tests="1" failures="0" timestamp="04 Sep 2017 15:10:20 GMT" time="16.062" errors="0">
  <testcase name="testInvalidLogin" time="16.062" classname="com.actitime.test.InValidLoginTest"/>
</testsuite> <!-- com.actitime.test.InValidLoginTest -->
