<?xml version="1.0" encoding="UTF-8"?>
<!-- Generated by org.testng.reporters.JUnitReportReporter -->
<testsuite skipped="0" hostname="DESKTOP-4F6B0AL" name="com.actitime.test.VerifyVersionTest" tests="1" failures="0" timestamp="04 Sep 2017 15:10:20 GMT" time="17.140" errors="0">
  <testcase name="testVersion" time="17.140" classname="com.actitime.test.VerifyVersionTest"/>
</testsuite> <!-- com.actitime.test.VerifyVersionTest -->
