<?xml version="1.0" encoding="UTF-8"?>
<!-- Generated by org.testng.reporters.JUnitReportReporter -->
<testsuite skipped="0" hostname="DESKTOP-4F6B0AL" name="com.actitime.test.ValidLoginTest" tests="1" failures="0" timestamp="04 Sep 2017 15:10:20 GMT" time="19.209" errors="0">
  <testcase name="testValidLogin" time="19.209" classname="com.actitime.test.ValidLoginTest"/>
</testsuite> <!-- com.actitime.test.ValidLoginTest -->
